0 silly argv {
0 silly argv   _: [ 'publish' ],
0 silly argv   composed: 'publish',
0 silly argv   lernaVersion: '8.2.1',
0 silly argv   '$0': '/Users/lukas/dev/vega/node_modules/.bin/lerna',
0 silly argv   bump: 'from-package'
0 silly argv }
1 notice cli v8.2.1
2 verbose packageConfigs Resolving packages based on package.json "workspaces" configuration.
3 verbose rootPath /Users/lukas/dev/vega
4 info versioning independent
5 verbose session 91f8b0645f14b965
6 verbose user-agent lerna/8.2.1/node@v20.18.2+arm64 (darwin)
7 warn Yarn's registry proxy is broken, replacing with public npm registry
8 warn If you don't have an npm token, you should exit and run `npm login`
9 info publish rooted leaf detected, skipping synthetic root lifecycles
10 verbose git-describe undefined => "v5.24.0-150-g45ce7657"
11 silly git-describe parsed => {"lastTagName":"v5.24.0","lastVersion":"v5.24.0","refCount":"150","sha":"45ce7657","isDirty":false}
12 silly getProjectsWithUnpublishedPackages
13 info publish Publishing packages to npm...
14 silly getCurrentSHA
15 verbose getCurrentSHA 45ce7657f6212c448be409887018b693a8103fd4
16 verbose pack-directory packages/vega-canvas
17 silly lifecycle No script for "prepublish" in "vega-canvas", continuing
18 verbose pack-directory packages/vega-event-selector
19 silly lifecycle No script for "prepublish" in "vega-event-selector", continuing
20 verbose pack-directory packages/vega-statistics
21 silly lifecycle No script for "prepublish" in "vega-statistics", continuing
22 verbose pack-directory packages/vega-util
23 silly lifecycle No script for "prepublish" in "vega-util", continuing
24 silly lifecycle No script for "prepare" in "vega-canvas", continuing
25 silly lifecycle No script for "prepare" in "vega-event-selector", continuing
26 silly lifecycle No script for "prepare" in "vega-statistics", continuing
27 silly lifecycle No script for "prepare" in "vega-util", continuing
28 silly lifecycle "prepublishOnly" starting in "vega-canvas"
29 info lifecycle vega-canvas@2.0.0~prepublishOnly: vega-canvas@2.0.0
30 silly lifecycle "prepublishOnly" starting in "vega-event-selector"
31 info lifecycle vega-event-selector@4.0.0~prepublishOnly: vega-event-selector@4.0.0
32 silly lifecycle "prepublishOnly" starting in "vega-util"
33 info lifecycle vega-util@2.0.0~prepublishOnly: vega-util@2.0.0
34 silly lifecycle "prepublishOnly" starting in "vega-statistics"
35 info lifecycle vega-statistics@2.0.0~prepublishOnly: vega-statistics@2.0.0
36 silly lifecycle "prepublishOnly" finished in "vega-canvas"
37 silly lifecycle No script for "prepack" in "vega-canvas", continuing
38 silly lifecycle No script for "postpack" in "vega-canvas", continuing
39 verbose packed packages/vega-canvas
40 silly lifecycle "prepublishOnly" finished in "vega-event-selector"
41 silly lifecycle No script for "prepack" in "vega-event-selector", continuing
42 silly lifecycle No script for "postpack" in "vega-event-selector", continuing
43 verbose packed packages/vega-event-selector
44 silly lifecycle "prepublishOnly" finished in "vega-util"
45 silly lifecycle No script for "prepack" in "vega-util", continuing
46 silly lifecycle No script for "postpack" in "vega-util", continuing
47 verbose packed packages/vega-util
48 verbose pack-directory packages/vega-expression
49 silly lifecycle No script for "prepublish" in "vega-expression", continuing
50 verbose pack-directory packages/vega-time
51 silly lifecycle No script for "prepublish" in "vega-time", continuing
52 silly lifecycle No script for "prepare" in "vega-expression", continuing
53 silly lifecycle No script for "prepare" in "vega-time", continuing
54 silly lifecycle "prepublishOnly" starting in "vega-expression"
55 info lifecycle vega-expression@6.0.0~prepublishOnly: vega-expression@6.0.0
56 silly lifecycle "prepublishOnly" starting in "vega-time"
57 info lifecycle vega-time@3.0.0~prepublishOnly: vega-time@3.0.0
58 silly lifecycle "prepublishOnly" finished in "vega-statistics"
59 silly lifecycle No script for "prepack" in "vega-statistics", continuing
60 silly lifecycle No script for "postpack" in "vega-statistics", continuing
61 verbose packed packages/vega-statistics
62 silly lifecycle "prepublishOnly" finished in "vega-expression"
63 silly lifecycle No script for "prepack" in "vega-expression", continuing
64 silly lifecycle No script for "postpack" in "vega-expression", continuing
65 verbose packed packages/vega-expression
66 verbose pack-directory packages/vega-selections
67 silly lifecycle No script for "prepublish" in "vega-selections", continuing
68 verbose pack-directory packages/vega-typings
69 silly lifecycle No script for "prepublish" in "vega-typings", continuing
70 silly lifecycle No script for "prepare" in "vega-selections", continuing
71 silly lifecycle No script for "prepare" in "vega-typings", continuing
72 silly lifecycle "prepublishOnly" starting in "vega-selections"
73 info lifecycle vega-selections@6.0.0~prepublishOnly: vega-selections@6.0.0
74 silly lifecycle No script for "prepublishOnly" in "vega-typings", continuing
75 silly lifecycle No script for "prepack" in "vega-typings", continuing
76 silly lifecycle No script for "postpack" in "vega-typings", continuing
77 verbose packed packages/vega-typings
78 silly lifecycle "prepublishOnly" finished in "vega-time"
79 silly lifecycle No script for "prepack" in "vega-time", continuing
80 silly lifecycle No script for "postpack" in "vega-time", continuing
81 verbose packed packages/vega-time
82 verbose pack-directory packages/vega-format
83 silly lifecycle No script for "prepublish" in "vega-format", continuing
84 verbose pack-directory packages/vega-scale
85 silly lifecycle No script for "prepublish" in "vega-scale", continuing
86 silly lifecycle No script for "prepare" in "vega-format", continuing
87 silly lifecycle No script for "prepare" in "vega-scale", continuing
88 silly lifecycle "prepublishOnly" starting in "vega-format"
89 info lifecycle vega-format@2.0.0~prepublishOnly: vega-format@2.0.0
90 silly lifecycle "prepublishOnly" starting in "vega-scale"
91 info lifecycle vega-scale@8.0.0~prepublishOnly: vega-scale@8.0.0
92 silly lifecycle "prepublishOnly" finished in "vega-selections"
93 silly lifecycle No script for "prepack" in "vega-selections", continuing
94 silly lifecycle No script for "postpack" in "vega-selections", continuing
95 verbose packed packages/vega-selections
96 silly lifecycle "prepublishOnly" finished in "vega-format"
97 silly lifecycle No script for "prepack" in "vega-format", continuing
98 silly lifecycle No script for "postpack" in "vega-format", continuing
99 verbose packed packages/vega-format
100 verbose pack-directory packages/vega-loader
101 silly lifecycle No script for "prepublish" in "vega-loader", continuing
102 silly lifecycle No script for "prepare" in "vega-loader", continuing
103 silly lifecycle "prepublishOnly" starting in "vega-loader"
104 info lifecycle vega-loader@5.0.0~prepublishOnly: vega-loader@5.0.0
105 silly lifecycle "prepublishOnly" finished in "vega-scale"
106 silly lifecycle No script for "prepack" in "vega-scale", continuing
107 silly lifecycle No script for "postpack" in "vega-scale", continuing
108 verbose packed packages/vega-scale
109 verbose pack-directory packages/vega-projection
110 silly lifecycle No script for "prepublish" in "vega-projection", continuing
111 silly lifecycle No script for "prepare" in "vega-projection", continuing
112 silly lifecycle "prepublishOnly" starting in "vega-projection"
113 info lifecycle vega-projection@2.0.0~prepublishOnly: vega-projection@2.0.0
114 silly lifecycle "prepublishOnly" finished in "vega-loader"
115 silly lifecycle No script for "prepack" in "vega-loader", continuing
116 silly lifecycle No script for "postpack" in "vega-loader", continuing
117 verbose packed packages/vega-loader
118 verbose pack-directory packages/vega-dataflow
119 silly lifecycle No script for "prepublish" in "vega-dataflow", continuing
120 verbose pack-directory packages/vega-scenegraph
121 silly lifecycle No script for "prepublish" in "vega-scenegraph", continuing
122 silly lifecycle No script for "prepare" in "vega-dataflow", continuing
123 silly lifecycle No script for "prepare" in "vega-scenegraph", continuing
124 silly lifecycle "prepublishOnly" starting in "vega-dataflow"
125 info lifecycle vega-dataflow@6.0.0~prepublishOnly: vega-dataflow@6.0.0
126 silly lifecycle "prepublishOnly" starting in "vega-scenegraph"
127 info lifecycle vega-scenegraph@5.0.0~prepublishOnly: vega-scenegraph@5.0.0
128 silly lifecycle "prepublishOnly" finished in "vega-projection"
129 silly lifecycle No script for "prepack" in "vega-projection", continuing
130 silly lifecycle No script for "postpack" in "vega-projection", continuing
131 verbose packed packages/vega-projection
132 verbose pack-directory packages/vega-projection-extended
133 silly lifecycle No script for "prepublish" in "vega-projection-extended", continuing
134 silly lifecycle No script for "prepare" in "vega-projection-extended", continuing
135 silly lifecycle "prepublishOnly" starting in "vega-projection-extended"
136 info lifecycle vega-projection-extended@3.0.0~prepublishOnly: vega-projection-extended@3.0.0
137 silly lifecycle "prepublishOnly" finished in "vega-dataflow"
138 silly lifecycle No script for "prepack" in "vega-dataflow", continuing
139 silly lifecycle No script for "postpack" in "vega-dataflow", continuing
140 verbose packed packages/vega-dataflow
141 verbose pack-directory packages/vega-transforms
142 silly lifecycle No script for "prepublish" in "vega-transforms", continuing
143 silly lifecycle No script for "prepare" in "vega-transforms", continuing
144 silly lifecycle "prepublishOnly" starting in "vega-transforms"
145 info lifecycle vega-transforms@5.0.0~prepublishOnly: vega-transforms@5.0.0
146 silly lifecycle "prepublishOnly" finished in "vega-scenegraph"
147 silly lifecycle No script for "prepack" in "vega-scenegraph", continuing
148 silly lifecycle No script for "postpack" in "vega-scenegraph", continuing
149 verbose packed packages/vega-scenegraph
150 verbose pack-directory packages/vega-functions
151 silly lifecycle No script for "prepublish" in "vega-functions", continuing
152 silly lifecycle No script for "prepare" in "vega-functions", continuing
153 silly lifecycle "prepublishOnly" starting in "vega-functions"
154 info lifecycle vega-functions@6.0.0~prepublishOnly: vega-functions@6.0.0
155 silly lifecycle "prepublishOnly" finished in "vega-projection-extended"
156 silly lifecycle No script for "prepack" in "vega-projection-extended", continuing
157 silly lifecycle No script for "postpack" in "vega-projection-extended", continuing
158 verbose packed packages/vega-projection-extended
159 silly lifecycle "prepublishOnly" finished in "vega-transforms"
160 silly lifecycle No script for "prepack" in "vega-transforms", continuing
161 silly lifecycle No script for "postpack" in "vega-transforms", continuing
162 verbose packed packages/vega-transforms
163 verbose pack-directory packages/vega-crossfilter
164 silly lifecycle No script for "prepublish" in "vega-crossfilter", continuing
165 verbose pack-directory packages/vega-encode
166 silly lifecycle No script for "prepublish" in "vega-encode", continuing
167 verbose pack-directory packages/vega-force
168 silly lifecycle No script for "prepublish" in "vega-force", continuing
169 verbose pack-directory packages/vega-geo
170 silly lifecycle No script for "prepublish" in "vega-geo", continuing
171 verbose pack-directory packages/vega-hierarchy
172 silly lifecycle No script for "prepublish" in "vega-hierarchy", continuing
173 verbose pack-directory packages/vega-label
174 silly lifecycle No script for "prepublish" in "vega-label", continuing
175 verbose pack-directory packages/vega-regression
176 silly lifecycle No script for "prepublish" in "vega-regression", continuing
177 verbose pack-directory packages/vega-view-transforms
178 silly lifecycle No script for "prepublish" in "vega-view-transforms", continuing
179 verbose pack-directory packages/vega-voronoi
180 silly lifecycle No script for "prepublish" in "vega-voronoi", continuing
181 verbose pack-directory packages/vega-wordcloud
182 silly lifecycle No script for "prepublish" in "vega-wordcloud", continuing
183 silly lifecycle No script for "prepare" in "vega-crossfilter", continuing
184 silly lifecycle No script for "prepare" in "vega-encode", continuing
185 silly lifecycle No script for "prepare" in "vega-force", continuing
186 silly lifecycle No script for "prepare" in "vega-geo", continuing
187 silly lifecycle No script for "prepare" in "vega-hierarchy", continuing
188 silly lifecycle No script for "prepare" in "vega-label", continuing
189 silly lifecycle No script for "prepare" in "vega-regression", continuing
190 silly lifecycle No script for "prepare" in "vega-view-transforms", continuing
191 silly lifecycle No script for "prepare" in "vega-voronoi", continuing
192 silly lifecycle No script for "prepare" in "vega-wordcloud", continuing
193 silly lifecycle "prepublishOnly" starting in "vega-crossfilter"
194 info lifecycle vega-crossfilter@5.0.0~prepublishOnly: vega-crossfilter@5.0.0
195 silly lifecycle "prepublishOnly" starting in "vega-encode"
196 info lifecycle vega-encode@5.0.0~prepublishOnly: vega-encode@5.0.0
197 silly lifecycle "prepublishOnly" starting in "vega-force"
198 info lifecycle vega-force@5.0.0~prepublishOnly: vega-force@5.0.0
199 silly lifecycle "prepublishOnly" starting in "vega-geo"
200 info lifecycle vega-geo@5.0.0~prepublishOnly: vega-geo@5.0.0
201 silly lifecycle "prepublishOnly" starting in "vega-hierarchy"
202 info lifecycle vega-hierarchy@5.0.0~prepublishOnly: vega-hierarchy@5.0.0
203 silly lifecycle "prepublishOnly" starting in "vega-label"
204 info lifecycle vega-label@2.0.0~prepublishOnly: vega-label@2.0.0
205 silly lifecycle "prepublishOnly" starting in "vega-regression"
206 info lifecycle vega-regression@2.0.0~prepublishOnly: vega-regression@2.0.0
207 silly lifecycle "prepublishOnly" starting in "vega-view-transforms"
208 info lifecycle vega-view-transforms@5.0.0~prepublishOnly: vega-view-transforms@5.0.0
209 silly lifecycle "prepublishOnly" starting in "vega-voronoi"
210 info lifecycle vega-voronoi@5.0.0~prepublishOnly: vega-voronoi@5.0.0
211 silly lifecycle "prepublishOnly" starting in "vega-wordcloud"
212 info lifecycle vega-wordcloud@5.0.0~prepublishOnly: vega-wordcloud@5.0.0
213 silly lifecycle "prepublishOnly" finished in "vega-functions"
214 silly lifecycle No script for "prepack" in "vega-functions", continuing
215 silly lifecycle No script for "postpack" in "vega-functions", continuing
216 verbose packed packages/vega-functions
217 verbose pack-directory packages/vega-parser
218 silly lifecycle No script for "prepublish" in "vega-parser", continuing
219 silly lifecycle No script for "prepare" in "vega-parser", continuing
220 silly lifecycle "prepublishOnly" starting in "vega-parser"
221 info lifecycle vega-parser@7.0.0~prepublishOnly: vega-parser@7.0.0
222 silly lifecycle "prepublishOnly" finished in "vega-crossfilter"
223 silly lifecycle No script for "prepack" in "vega-crossfilter", continuing
224 silly lifecycle No script for "postpack" in "vega-crossfilter", continuing
225 verbose packed packages/vega-crossfilter
226 silly lifecycle "prepublishOnly" finished in "vega-encode"
227 silly lifecycle No script for "prepack" in "vega-encode", continuing
228 silly lifecycle No script for "postpack" in "vega-encode", continuing
229 verbose packed packages/vega-encode
230 verbose pack-directory packages/vega-runtime
231 silly lifecycle No script for "prepublish" in "vega-runtime", continuing
232 silly lifecycle No script for "prepare" in "vega-runtime", continuing
233 silly lifecycle "prepublishOnly" starting in "vega-runtime"
234 info lifecycle vega-runtime@7.0.0~prepublishOnly: vega-runtime@7.0.0
235 silly lifecycle "prepublishOnly" finished in "vega-force"
236 silly lifecycle No script for "prepack" in "vega-force", continuing
237 silly lifecycle No script for "postpack" in "vega-force", continuing
238 verbose packed packages/vega-force
239 silly lifecycle "prepublishOnly" finished in "vega-geo"
240 silly lifecycle No script for "prepack" in "vega-geo", continuing
241 silly lifecycle No script for "postpack" in "vega-geo", continuing
242 verbose packed packages/vega-geo
243 silly lifecycle "prepublishOnly" finished in "vega-hierarchy"
244 silly lifecycle No script for "prepack" in "vega-hierarchy", continuing
245 silly lifecycle No script for "postpack" in "vega-hierarchy", continuing
246 verbose packed packages/vega-hierarchy
247 silly lifecycle "prepublishOnly" finished in "vega-label"
248 silly lifecycle No script for "prepack" in "vega-label", continuing
249 silly lifecycle No script for "postpack" in "vega-label", continuing
250 verbose packed packages/vega-label
251 silly lifecycle "prepublishOnly" finished in "vega-regression"
252 silly lifecycle No script for "prepack" in "vega-regression", continuing
253 silly lifecycle No script for "postpack" in "vega-regression", continuing
254 verbose packed packages/vega-regression
255 silly lifecycle "prepublishOnly" finished in "vega-view-transforms"
256 silly lifecycle No script for "prepack" in "vega-view-transforms", continuing
257 silly lifecycle No script for "postpack" in "vega-view-transforms", continuing
258 verbose packed packages/vega-view-transforms
259 silly lifecycle "prepublishOnly" finished in "vega-voronoi"
260 silly lifecycle No script for "prepack" in "vega-voronoi", continuing
261 silly lifecycle No script for "postpack" in "vega-voronoi", continuing
262 verbose packed packages/vega-voronoi
263 silly lifecycle "prepublishOnly" finished in "vega-wordcloud"
264 silly lifecycle No script for "prepack" in "vega-wordcloud", continuing
265 silly lifecycle No script for "postpack" in "vega-wordcloud", continuing
266 verbose packed packages/vega-wordcloud
267 verbose pack-directory packages/vega-schema
268 silly lifecycle No script for "prepublish" in "vega-schema", continuing
269 silly lifecycle No script for "prepare" in "vega-schema", continuing
270 silly lifecycle "prepublishOnly" starting in "vega-schema"
271 info lifecycle vega-schema@6.0.0~prepublishOnly: vega-schema@6.0.0
272 silly lifecycle "prepublishOnly" finished in "vega-parser"
273 silly lifecycle No script for "prepack" in "vega-parser", continuing
274 silly lifecycle No script for "postpack" in "vega-parser", continuing
275 verbose packed packages/vega-parser
276 silly lifecycle "prepublishOnly" finished in "vega-runtime"
277 silly lifecycle No script for "prepack" in "vega-runtime", continuing
278 silly lifecycle No script for "postpack" in "vega-runtime", continuing
279 verbose packed packages/vega-runtime
280 verbose pack-directory packages/vega-view
281 silly lifecycle No script for "prepublish" in "vega-view", continuing
282 silly lifecycle No script for "prepare" in "vega-view", continuing
283 silly lifecycle "prepublishOnly" starting in "vega-view"
284 info lifecycle vega-view@6.0.0~prepublishOnly: vega-view@6.0.0
285 silly lifecycle "prepublishOnly" finished in "vega-schema"
286 silly lifecycle No script for "prepack" in "vega-schema", continuing
287 silly lifecycle No script for "postpack" in "vega-schema", continuing
288 verbose packed packages/vega-schema
289 silly lifecycle "prepublishOnly" finished in "vega-view"
290 silly lifecycle No script for "prepack" in "vega-view", continuing
291 silly lifecycle No script for "postpack" in "vega-view", continuing
292 verbose packed packages/vega-view
293 verbose pack-directory packages/vega
294 silly lifecycle No script for "prepublish" in "vega", continuing
295 silly lifecycle No script for "prepare" in "vega", continuing
296 silly lifecycle "prepublishOnly" starting in "vega"
297 info lifecycle vega@6.0.0~prepublishOnly: vega@6.0.0
298 silly lifecycle "prepublishOnly" finished in "vega"
299 silly lifecycle No script for "prepack" in "vega", continuing
300 silly lifecycle No script for "postpack" in "vega", continuing
301 verbose packed packages/vega
302 verbose pack-directory packages/vega-interpreter
303 silly lifecycle No script for "prepublish" in "vega-interpreter", continuing
304 silly lifecycle No script for "prepare" in "vega-interpreter", continuing
305 silly lifecycle "prepublishOnly" starting in "vega-interpreter"
306 info lifecycle vega-interpreter@2.0.0~prepublishOnly: vega-interpreter@2.0.0
307 silly lifecycle "prepublishOnly" finished in "vega-interpreter"
308 silly lifecycle No script for "prepack" in "vega-interpreter", continuing
309 silly lifecycle No script for "postpack" in "vega-interpreter", continuing
310 verbose packed packages/vega-interpreter
311 verbose publish vega-canvas
312 verbose publish vega-event-selector
313 verbose publish vega-statistics
314 verbose publish vega-util
315 silly lifecycle No script for "publish" in "vega-event-selector", continuing
316 silly lifecycle No script for "postpublish" in "vega-event-selector", continuing
317 success published vega-event-selector 4.0.0
318 notice
319 notice 📦  vega-event-selector@4.0.0
320 notice === Tarball Contents ===
321 notice 1.5kB  LICENSE
321 notice 4.5kB  src/event-selector.js
321 notice 68B    index.js
321 notice 49B    rollup.config.js
321 notice 4.4kB  build/vega-event-selector.js
321 notice 767B   package.json
321 notice 12.0kB build/vega-event-selector.js.map
321 notice 950B   README.md
321 notice 76B    index.d.ts
322 notice === Tarball Details ===
323 notice name:          vega-event-selector
323 notice version:       4.0.0
323 notice filename:      vega-event-selector-4.0.0.tgz
323 notice package size:  6.5 kB
323 notice unpacked size: 24.4 kB
323 notice shasum:        425e9f2671e858a1a45b4b6a7fc452ca0b22abbf
323 notice integrity:     sha512-CcWF4m4KL/al1[...]V1pFsAWRak4gQ==
323 notice total files:   9
324 notice
325 silly lifecycle No script for "publish" in "vega-statistics", continuing
326 silly lifecycle No script for "postpublish" in "vega-statistics", continuing
327 success published vega-statistics 2.0.0
328 notice
329 notice 📦  vega-statistics@2.0.0
330 notice === Tarball Contents ===
331 notice 1.5kB  LICENSE
331 notice 439B   src/bandwidth.js
331 notice 1.5kB  src/bin.js
331 notice 580B   src/bootstrapCI.js
331 notice 285B   src/regression/constant.js
331 notice 79B    src/constants.js
331 notice 1.3kB  src/dotbin.js
331 notice 731B   src/regression/exp.js
331 notice 1.6kB  index.js
331 notice 848B   src/integer.js
331 notice 1.1kB  src/kde.js
331 notice 306B   src/lcg.js
331 notice 662B   src/regression/linear.js
331 notice 3.2kB  src/regression/loess.js
331 notice 695B   src/regression/log.js
331 notice 1.4kB  src/lognormal.js
331 notice 1.4kB  src/mixture.js
331 notice 6.3kB  src/normal.js
331 notice 431B   src/numbers.js
331 notice 241B   src/regression/ols.js
331 notice 880B   src/regression/points.js
331 notice 2.9kB  src/regression/poly.js
331 notice 794B   src/regression/pow.js
331 notice 979B   src/regression/quad.js
331 notice 399B   src/quantiles.js
331 notice 129B   src/quartiles.js
331 notice 420B   src/regression/r-squared.js
331 notice 81B    src/random.js
331 notice 49B    rollup.config.js
331 notice 2.2kB  src/sampleCurve.js
331 notice 1.4kB  src/uniform.js
331 notice 30.2kB build/vega-statistics.js
331 notice 766B   package.json
331 notice 80.4kB build/vega-statistics.js.map
331 notice 26.9kB README.md
332 notice === Tarball Details ===
333 notice name:          vega-statistics
333 notice version:       2.0.0
333 notice filename:      vega-statistics-2.0.0.tgz
333 notice package size:  44.0 kB
333 notice unpacked size: 173.2 kB
333 notice shasum:        9c9636c20682ae98e8887f8fab0e82c2466a736a
333 notice integrity:     sha512-dGPfDXnBlgXbZ[...]wkp1yk4DOPazQ==
333 notice total files:   35
334 notice
335 silly lifecycle No script for "publish" in "vega-util", continuing
336 silly lifecycle No script for "postpublish" in "vega-util", continuing
337 success published vega-util 2.0.0
338 notice
339 notice 📦  vega-util@2.0.0
340 notice === Tarball Contents ===
341 notice 1.5kB  LICENSE
341 notice 263B   src/accessor.js
341 notice 378B   src/accessors.js
341 notice 118B   src/array.js
341 notice 664B   src/clampRange.js
341 notice 1.5kB  src/compare.js
341 notice 112B   src/constant.js
341 notice 188B   src/debounce.js
341 notice 61B    src/error.js
341 notice 161B   src/extend.js
341 notice 1.1kB  src/extent.js
341 notice 934B   src/extentIndex.js
341 notice 1.3kB  src/fastmap.js
341 notice 350B   src/field.js
341 notice 535B   src/flush.js
341 notice 322B   src/getter.js
341 notice 88B    src/hasOwnProperty.js
341 notice 2.8kB  index.js
341 notice 326B   src/inherits.js
341 notice 523B   src/inrange.js
341 notice 30B    src/isArray.js
341 notice 64B    src/isBoolean.js
341 notice 95B    src/isDate.js
341 notice 65B    src/isFunction.js
341 notice 120B   src/isIterable.js
341 notice 63B    src/isNumber.js
341 notice 57B    src/isObject.js
341 notice 97B    src/isRegExp.js
341 notice 63B    src/isString.js
341 notice 841B   src/key.js
341 notice 194B   src/lerp.js
341 notice 965B   src/logger.js
341 notice 783B   src/lruCache.js
341 notice 536B   src/merge.js
341 notice 1.6kB  src/mergeConfig.js
341 notice 338B   src/pad.js
341 notice 69B    src/peek.js
341 notice 171B   src/quarter.js
341 notice 97B    src/repeat.js
341 notice 49B    rollup.config.js
341 notice 218B   src/span.js
341 notice 1.1kB  src/splitAccessPath.js
341 notice 431B   src/stringValue.js
341 notice 119B   src/toBoolean.js
341 notice 278B   src/toDate.js
341 notice 75B    src/toNumber.js
341 notice 123B   src/toSet.js
341 notice 79B    src/toString.js
341 notice 1.9kB  src/transform.js
341 notice 374B   src/truncate.js
341 notice 19.1kB build/vega-util.js
341 notice 285B   src/visitArray.js
341 notice 672B   package.json
341 notice 302B   tsconfig.json
341 notice 51.9kB build/vega-util.js.map
341 notice 35.6kB README.md
341 notice 5.9kB  index.d.ts
342 notice === Tarball Details ===
343 notice name:          vega-util
343 notice version:       2.0.0
343 notice filename:      vega-util-2.0.0.tgz
343 notice package size:  34.6 kB
343 notice unpacked size: 138.0 kB
343 notice shasum:        6ecb6e3e2fe017921e36d0aa9abf15dc4e4f0a99
343 notice integrity:     sha512-/ayLYX3VVqfkK[...]otA+1a5MxlV2Q==
343 notice total files:   57
344 notice
345 verbose publish vega-expression
346 verbose publish vega-time
347 silly lifecycle No script for "publish" in "vega-canvas", continuing
348 silly lifecycle No script for "postpublish" in "vega-canvas", continuing
349 success published vega-canvas 2.0.0
350 notice
351 notice 📦  vega-canvas@2.0.0
352 notice === Tarball Contents ===
353 notice 1.5kB LICENSE
353 notice 338B  src/domCanvas.js
353 notice 107B  index.browser.js
353 notice 383B  index.js
353 notice 458B  src/nodeCanvas.js
353 notice 49B   rollup.config.js
353 notice 432B  build/vega-canvas.browser.js
353 notice 1.0kB build/vega-canvas.node.js
353 notice 705B  package.json
353 notice 980B  build/vega-canvas.browser.js.map
353 notice 2.7kB build/vega-canvas.node.js.map
353 notice 3.7kB README.md
353 notice 363B  index.d.ts
354 notice === Tarball Details ===
355 notice name:          vega-canvas
355 notice version:       2.0.0
355 notice filename:      vega-canvas-2.0.0.tgz
355 notice package size:  3.9 kB
355 notice unpacked size: 12.8 kB
355 notice shasum:        4709deb68f9b4fd7475957bed99f16c38dbc07b8
355 notice integrity:     sha512-9x+4TTw/USYST[...]08z0u/UegBVMA==
355 notice total files:   13
356 notice
357 silly FetchError: request to https://registry.npmjs.org/vega-time failed, reason: 4042E2FF01000000:error:0A0003FC:SSL routines:ssl3_read_bytes:ssl/tls alert bad record mac:ssl/record/rec_layer_s3.c:908:SSL alert number 20
357 silly
357 silly     at ClientRequest.<anonymous> (/Users/lukas/dev/vega/node_modules/minipass-fetch/lib/index.js:130:14)
357 silly     at ClientRequest.emit (node:events:518:28)
357 silly     at emitErrorEvent (node:_http_client:101:11)
357 silly     at TLSSocket.socketErrorListener (node:_http_client:504:5)
357 silly     at TLSSocket.emit (node:events:518:28)
357 silly     at TLSSocket._emitTLSError (node:_tls_wrap:1032:10)
357 silly     at TLSWrap.onerror (node:_tls_wrap:473:11)
357 silly  FetchError: request to https://registry.npmjs.org/vega-time failed, reason: 4042E2FF01000000:error:0A0003FC:SSL routines:ssl3_read_bytes:ssl/tls alert bad record mac:ssl/record/rec_layer_s3.c:908:SSL alert number 20
357 silly
357 silly     at ClientRequest.<anonymous> (/Users/lukas/dev/vega/node_modules/minipass-fetch/lib/index.js:130:14)
357 silly     at ClientRequest.emit (node:events:518:28)
357 silly     at emitErrorEvent (node:_http_client:101:11)
357 silly     at TLSSocket.socketErrorListener (node:_http_client:504:5)
357 silly     at TLSSocket.emit (node:events:518:28)
357 silly     at TLSSocket._emitTLSError (node:_tls_wrap:1032:10)
357 silly     at TLSWrap.onerror (node:_tls_wrap:473:11) {
357 silly   code: 'ERR_SSL_SSL/TLS_ALERT_BAD_RECORD_MAC',
357 silly   library: 'SSL routines',
357 silly   reason: 'ssl/tls alert bad record mac',
357 silly   errno: 'ERR_SSL_SSL/TLS_ALERT_BAD_RECORD_MAC',
357 silly   type: 'system'
357 silly }
358 warn notice Package failed to publish: vega-time
359 error ERR_SSL_SSL/TLS_ALERT_BAD_RECORD_MAC request to https://registry.npmjs.org/vega-time failed, reason: 4042E2FF01000000:error:0A0003FC:SSL routines:ssl3_read_bytes:ssl/tls alert bad record mac:ssl/record/rec_layer_s3.c:908:SSL alert number 20
360 error errno "ERR_SSL_SSL/TLS_ALERT_BAD_RECORD_MAC" is not a valid exit code - exiting with code 1
361 silly FetchError: request to https://registry.npmjs.org/vega-expression failed, reason: 4042E2FF01000000:error:0A0003FC:SSL routines:ssl3_read_bytes:ssl/tls alert bad record mac:ssl/record/rec_layer_s3.c:908:SSL alert number 20
361 silly
361 silly     at ClientRequest.<anonymous> (/Users/lukas/dev/vega/node_modules/minipass-fetch/lib/index.js:130:14)
361 silly     at ClientRequest.emit (node:events:518:28)
361 silly     at emitErrorEvent (node:_http_client:101:11)
361 silly     at TLSSocket.socketErrorListener (node:_http_client:504:5)
361 silly     at TLSSocket.emit (node:events:518:28)
361 silly     at TLSSocket._emitTLSError (node:_tls_wrap:1032:10)
361 silly     at TLSWrap.onerror (node:_tls_wrap:473:11)
361 silly  FetchError: request to https://registry.npmjs.org/vega-expression failed, reason: 4042E2FF01000000:error:0A0003FC:SSL routines:ssl3_read_bytes:ssl/tls alert bad record mac:ssl/record/rec_layer_s3.c:908:SSL alert number 20
361 silly
361 silly     at ClientRequest.<anonymous> (/Users/lukas/dev/vega/node_modules/minipass-fetch/lib/index.js:130:14)
361 silly     at ClientRequest.emit (node:events:518:28)
361 silly     at emitErrorEvent (node:_http_client:101:11)
361 silly     at TLSSocket.socketErrorListener (node:_http_client:504:5)
361 silly     at TLSSocket.emit (node:events:518:28)
361 silly     at TLSSocket._emitTLSError (node:_tls_wrap:1032:10)
361 silly     at TLSWrap.onerror (node:_tls_wrap:473:11) {
361 silly   code: 'ERR_SSL_SSL/TLS_ALERT_BAD_RECORD_MAC',
361 silly   library: 'SSL routines',
361 silly   reason: 'ssl/tls alert bad record mac',
361 silly   errno: 'ERR_SSL_SSL/TLS_ALERT_BAD_RECORD_MAC',
361 silly   type: 'system'
361 silly }
362 warn notice Package failed to publish: vega-expression
363 error ERR_SSL_SSL/TLS_ALERT_BAD_RECORD_MAC request to https://registry.npmjs.org/vega-expression failed, reason: 4042E2FF01000000:error:0A0003FC:SSL routines:ssl3_read_bytes:ssl/tls alert bad record mac:ssl/record/rec_layer_s3.c:908:SSL alert number 20
364 error errno "ERR_SSL_SSL/TLS_ALERT_BAD_RECORD_MAC" is not a valid exit code - exiting with code 1
365 error FetchError: request to https://registry.npmjs.org/vega-time failed, reason: 4042E2FF01000000:error:0A0003FC:SSL routines:ssl3_read_bytes:ssl/tls alert bad record mac:ssl/record/rec_layer_s3.c:908:SSL alert number 20
365 error
365 error     at ClientRequest.<anonymous> (/Users/lukas/dev/vega/node_modules/minipass-fetch/lib/index.js:130:14)
365 error     at ClientRequest.emit (node:events:518:28)
365 error     at emitErrorEvent (node:_http_client:101:11)
365 error     at TLSSocket.socketErrorListener (node:_http_client:504:5)
365 error     at TLSSocket.emit (node:events:518:28)
365 error     at TLSSocket._emitTLSError (node:_tls_wrap:1032:10)
